<?xml version="1.0" encoding="UTF-8"?>
<!-- Generated by org.testng.reporters.JUnitReportReporter -->
<testsuite hostname="Rakesh" failures="0" tests="1" name="com.saucedemo.tests.endtoend.TestAddtToCartAndOrderCreation" time="6.824" errors="0" timestamp="2023-07-19T11:47:06 IST" skipped="0">
  <testcase classname="com.saucedemo.tests.endtoend.TestAddtToCartAndOrderCreation" name="OrderCreationTest" time="6.824"/>
  <system-out>
    <![CDATA[User navigates to home page and verifies Product name, description and Price
User navigates to product details page by clicking on Product link and verifies Product name, description and Price
User clicks on Add to cart button and verifies the product quantity
User navigates to Shopping cart page by clicking on shopping cart link and verifies Product name, description, Price and quantity 
User navigates to Checkout Informaion page by clicking on Checkout button
User enters customer details like firstname, Lastname and Zipcode in Checkout Information page and clicks on continue button
User navigates to Checkout overview page and verifies Product name, description, Price and quantity
User navaigates to Checkout complete page and verifies complete image, Thank you message and Order dispatch message 
User navigates to Home page by clicking on Back to home button and verifies the current url]]>
  </system-out>
</testsuite> <!-- com.saucedemo.tests.endtoend.TestAddtToCartAndOrderCreation -->
