<?xml version="1.0" encoding="UTF-8"?>
<!-- Generated by org.testng.reporters.JUnitReportReporter -->
<testsuite hostname="Rakesh" failures="0" tests="1" name="com.saucedemo.tests.TestAddtToCartAndOrderCreation" time="4.442" errors="0" timestamp="2023-07-18T22:40:43 IST" skipped="0">
  <testcase classname="com.saucedemo.tests.TestAddtToCartAndOrderCreation" name="OrderCreationTest" time="4.442"/>
  <system-out/>
</testsuite> <!-- com.saucedemo.tests.TestAddtToCartAndOrderCreation -->
